2025-08-10 19:21:51,326 INFO optimization_wrapper: run...
2025-08-10 19:21:51,326 DEBUG optimization_wrapper: Using X0 [1.04719755 1.04719755 1.04719755 1.04719755 1.04719755 1.04719755
 1.04719755 1.04719755 1.04719755 1.04719755 1.04719755 1.04719755
 1.04719755 1.04719755 1.04719755 1.04719755 1.04719755 1.04719755
 1.04719755 1.04719755 1.04719755 1.04719755 1.04719755 1.04719755
 1.04719755 1.04719755 1.04719755 1.04719755 1.04719755 1.04719755
 1.04719755 1.04719755 1.04719755 1.04719755 1.04719755 1.04719755
 1.04719755 1.04719755 1.04719755 1.04719755 1.04719755 1.04719755
 1.04719755 1.04719755 1.04719755 1.04719755 1.04719755 1.04719755
 1.04719755 1.04719755 1.04719755 1.04719755 1.04719755 1.04719755
 1.04719755 1.04719755 1.04719755 1.04719755 1.04719755 1.04719755
 1.04719755]
2025-08-10 19:21:51,328 INFO nft: Using parameters: max_epoch 4
2025-08-10 19:21:51,329 INFO nft: Using parameters: random_update True
2025-08-10 19:21:51,329 INFO nft: Using parameters: epoch_start 0
2025-08-10 19:21:51,329 INFO nft: Using parameters: idx_set_start None
2025-08-10 19:21:51,329 INFO nft: Using parameters: step_start 0
2025-08-10 19:21:52,269 INFO optimization_monitor: optimizer internal status: () {'idx_set': array([33, 27, 49,  8, 59, 31, 28, 19, 12,  9, 40, 38, 55,  1, 35, 44, 47,
       60, 15, 14,  5, 32, 30,  0, 45, 54,  4, 13, 24, 46,  2, 18, 37, 57,
       29, 52, 23, 20, 48, 10, 21, 42, 26, 43, 36, 22,  3, 51, 17,  6, 56,
       25, 41, 16, 39, 58,  7, 50, 34, 53, 11]), 'epoch': 0, 'iter_in_epoch': 0, 'update': None, 'new_core_eval': True}
2025-08-10 19:21:54,826 INFO optimization_monitor: optimizer internal status: () {'idx_set': array([33, 27, 49,  8, 59, 31, 28, 19, 12,  9, 40, 38, 55,  1, 35, 44, 47,
       60, 15, 14,  5, 32, 30,  0, 45, 54,  4, 13, 24, 46,  2, 18, 37, 57,
       29, 52, 23, 20, 48, 10, 21, 42, 26, 43, 36, 22,  3, 51, 17,  6, 56,
       25, 41, 16, 39, 58,  7, 50, 34, 53, 11]), 'epoch': 0, 'iter_in_epoch': 1, 'update': np.float64(4.547891137720281), 'new_core_eval': np.True_}
2025-08-10 19:21:57,675 INFO optimization_monitor: optimizer internal status: () {'idx_set': array([33, 27, 49,  8, 59, 31, 28, 19, 12,  9, 40, 38, 55,  1, 35, 44, 47,
       60, 15, 14,  5, 32, 30,  0, 45, 54,  4, 13, 24, 46,  2, 18, 37, 57,
       29, 52, 23, 20, 48, 10, 21, 42, 26, 43, 36, 22,  3, 51, 17,  6, 56,
       25, 41, 16, 39, 58,  7, 50, 34, 53, 11]), 'epoch': 0, 'iter_in_epoch': 2, 'update': np.float64(-0.04315647295024383), 'new_core_eval': np.True_}
2025-08-10 19:22:00,271 INFO optimization_monitor: optimizer internal status: () {'idx_set': array([33, 27, 49,  8, 59, 31, 28, 19, 12,  9, 40, 38, 55,  1, 35, 44, 47,
       60, 15, 14,  5, 32, 30,  0, 45, 54,  4, 13, 24, 46,  2, 18, 37, 57,
       29, 52, 23, 20, 48, 10, 21, 42, 26, 43, 36, 22,  3, 51, 17,  6, 56,
       25, 41, 16, 39, 58,  7, 50, 34, 53, 11]), 'epoch': 0, 'iter_in_epoch': 3, 'update': np.float64(1.0960274733522855), 'new_core_eval': np.True_}
2025-08-10 19:22:03,387 INFO optimization_monitor: optimizer internal status: () {'idx_set': array([33, 27, 49,  8, 59, 31, 28, 19, 12,  9, 40, 38, 55,  1, 35, 44, 47,
       60, 15, 14,  5, 32, 30,  0, 45, 54,  4, 13, 24, 46,  2, 18, 37, 57,
       29, 52, 23, 20, 48, 10, 21, 42, 26, 43, 36, 22,  3, 51, 17,  6, 56,
       25, 41, 16, 39, 58,  7, 50, 34, 53, 11]), 'epoch': 0, 'iter_in_epoch': 4, 'update': np.float64(-0.5393932747479278), 'new_core_eval': np.True_}
2025-08-10 19:22:06,571 INFO optimization_monitor: optimizer internal status: () {'idx_set': array([33, 27, 49,  8, 59, 31, 28, 19, 12,  9, 40, 38, 55,  1, 35, 44, 47,
       60, 15, 14,  5, 32, 30,  0, 45, 54,  4, 13, 24, 46,  2, 18, 37, 57,
       29, 52, 23, 20, 48, 10, 21, 42, 26, 43, 36, 22,  3, 51, 17,  6, 56,
       25, 41, 16, 39, 58,  7, 50, 34, 53, 11]), 'epoch': 0, 'iter_in_epoch': 5, 'update': np.float64(1.0123394335386748), 'new_core_eval': np.True_}
2025-08-10 19:22:09,694 INFO optimization_monitor: optimizer internal status: () {'idx_set': array([33, 27, 49,  8, 59, 31, 28, 19, 12,  9, 40, 38, 55,  1, 35, 44, 47,
       60, 15, 14,  5, 32, 30,  0, 45, 54,  4, 13, 24, 46,  2, 18, 37, 57,
       29, 52, 23, 20, 48, 10, 21, 42, 26, 43, 36, 22,  3, 51, 17,  6, 56,
       25, 41, 16, 39, 58,  7, 50, 34, 53, 11]), 'epoch': 0, 'iter_in_epoch': 6, 'update': np.float64(1.3683872438178588), 'new_core_eval': np.True_}
2025-08-10 19:22:12,958 INFO optimization_monitor: optimizer internal status: () {'idx_set': array([33, 27, 49,  8, 59, 31, 28, 19, 12,  9, 40, 38, 55,  1, 35, 44, 47,
       60, 15, 14,  5, 32, 30,  0, 45, 54,  4, 13, 24, 46,  2, 18, 37, 57,
       29, 52, 23, 20, 48, 10, 21, 42, 26, 43, 36, 22,  3, 51, 17,  6, 56,
       25, 41, 16, 39, 58,  7, 50, 34, 53, 11]), 'epoch': 0, 'iter_in_epoch': 7, 'update': np.float64(-0.8229722817080346), 'new_core_eval': np.True_}
2025-08-10 19:22:16,127 INFO optimization_monitor: optimizer internal status: () {'idx_set': array([33, 27, 49,  8, 59, 31, 28, 19, 12,  9, 40, 38, 55,  1, 35, 44, 47,
       60, 15, 14,  5, 32, 30,  0, 45, 54,  4, 13, 24, 46,  2, 18, 37, 57,
       29, 52, 23, 20, 48, 10, 21, 42, 26, 43, 36, 22,  3, 51, 17,  6, 56,
       25, 41, 16, 39, 58,  7, 50, 34, 53, 11]), 'epoch': 0, 'iter_in_epoch': 8, 'update': np.float64(0.264461793161781), 'new_core_eval': np.True_}
2025-08-10 19:22:19,558 INFO optimization_monitor: optimizer internal status: () {'idx_set': array([33, 27, 49,  8, 59, 31, 28, 19, 12,  9, 40, 38, 55,  1, 35, 44, 47,
       60, 15, 14,  5, 32, 30,  0, 45, 54,  4, 13, 24, 46,  2, 18, 37, 57,
       29, 52, 23, 20, 48, 10, 21, 42, 26, 43, 36, 22,  3, 51, 17,  6, 56,
       25, 41, 16, 39, 58,  7, 50, 34, 53, 11]), 'epoch': 0, 'iter_in_epoch': 9, 'update': np.float64(-0.5553342568140984), 'new_core_eval': np.True_}
2025-08-10 19:22:22,713 INFO optimization_monitor: optimizer internal status: () {'idx_set': array([33, 27, 49,  8, 59, 31, 28, 19, 12,  9, 40, 38, 55,  1, 35, 44, 47,
       60, 15, 14,  5, 32, 30,  0, 45, 54,  4, 13, 24, 46,  2, 18, 37, 57,
       29, 52, 23, 20, 48, 10, 21, 42, 26, 43, 36, 22,  3, 51, 17,  6, 56,
       25, 41, 16, 39, 58,  7, 50, 34, 53, 11]), 'epoch': 0, 'iter_in_epoch': 10, 'update': np.float64(0.3422351175280347), 'new_core_eval': np.True_}
2025-08-10 19:22:25,853 INFO optimization_monitor: optimizer internal status: () {'idx_set': array([33, 27, 49,  8, 59, 31, 28, 19, 12,  9, 40, 38, 55,  1, 35, 44, 47,
       60, 15, 14,  5, 32, 30,  0, 45, 54,  4, 13, 24, 46,  2, 18, 37, 57,
       29, 52, 23, 20, 48, 10, 21, 42, 26, 43, 36, 22,  3, 51, 17,  6, 56,
       25, 41, 16, 39, 58,  7, 50, 34, 53, 11]), 'epoch': 0, 'iter_in_epoch': 11, 'update': np.float64(1.2220890314817565), 'new_core_eval': np.True_}
2025-08-10 19:22:29,001 INFO optimization_monitor: optimizer internal status: () {'idx_set': array([33, 27, 49,  8, 59, 31, 28, 19, 12,  9, 40, 38, 55,  1, 35, 44, 47,
       60, 15, 14,  5, 32, 30,  0, 45, 54,  4, 13, 24, 46,  2, 18, 37, 57,
       29, 52, 23, 20, 48, 10, 21, 42, 26, 43, 36, 22,  3, 51, 17,  6, 56,
       25, 41, 16, 39, 58,  7, 50, 34, 53, 11]), 'epoch': 0, 'iter_in_epoch': 12, 'update': np.float64(1.9001075294991112), 'new_core_eval': np.True_}
2025-08-10 19:22:32,168 INFO optimization_monitor: optimizer internal status: () {'idx_set': array([33, 27, 49,  8, 59, 31, 28, 19, 12,  9, 40, 38, 55,  1, 35, 44, 47,
       60, 15, 14,  5, 32, 30,  0, 45, 54,  4, 13, 24, 46,  2, 18, 37, 57,
       29, 52, 23, 20, 48, 10, 21, 42, 26, 43, 36, 22,  3, 51, 17,  6, 56,
       25, 41, 16, 39, 58,  7, 50, 34, 53, 11]), 'epoch': 0, 'iter_in_epoch': 13, 'update': np.float64(0.9161850984840063), 'new_core_eval': np.True_}
2025-08-10 19:22:35,424 INFO optimization_monitor: optimizer internal status: () {'idx_set': array([33, 27, 49,  8, 59, 31, 28, 19, 12,  9, 40, 38, 55,  1, 35, 44, 47,
       60, 15, 14,  5, 32, 30,  0, 45, 54,  4, 13, 24, 46,  2, 18, 37, 57,
       29, 52, 23, 20, 48, 10, 21, 42, 26, 43, 36, 22,  3, 51, 17,  6, 56,
       25, 41, 16, 39, 58,  7, 50, 34, 53, 11]), 'epoch': 0, 'iter_in_epoch': 14, 'update': np.float64(-0.3047750541337332), 'new_core_eval': np.True_}
2025-08-10 19:22:38,625 INFO optimization_monitor: optimizer internal status: () {'idx_set': array([33, 27, 49,  8, 59, 31, 28, 19, 12,  9, 40, 38, 55,  1, 35, 44, 47,
       60, 15, 14,  5, 32, 30,  0, 45, 54,  4, 13, 24, 46,  2, 18, 37, 57,
       29, 52, 23, 20, 48, 10, 21, 42, 26, 43, 36, 22,  3, 51, 17,  6, 56,
       25, 41, 16, 39, 58,  7, 50, 34, 53, 11]), 'epoch': 0, 'iter_in_epoch': 15, 'update': np.float64(-0.11947187689497674), 'new_core_eval': np.True_}
2025-08-10 19:22:41,803 INFO optimization_monitor: optimizer internal status: () {'idx_set': array([33, 27, 49,  8, 59, 31, 28, 19, 12,  9, 40, 38, 55,  1, 35, 44, 47,
       60, 15, 14,  5, 32, 30,  0, 45, 54,  4, 13, 24, 46,  2, 18, 37, 57,
       29, 52, 23, 20, 48, 10, 21, 42, 26, 43, 36, 22,  3, 51, 17,  6, 56,
       25, 41, 16, 39, 58,  7, 50, 34, 53, 11]), 'epoch': 0, 'iter_in_epoch': 16, 'update': np.float64(-0.8284229499196638), 'new_core_eval': np.True_}
2025-08-10 19:22:45,010 INFO optimization_monitor: optimizer internal status: () {'idx_set': array([33, 27, 49,  8, 59, 31, 28, 19, 12,  9, 40, 38, 55,  1, 35, 44, 47,
       60, 15, 14,  5, 32, 30,  0, 45, 54,  4, 13, 24, 46,  2, 18, 37, 57,
       29, 52, 23, 20, 48, 10, 21, 42, 26, 43, 36, 22,  3, 51, 17,  6, 56,
       25, 41, 16, 39, 58,  7, 50, 34, 53, 11]), 'epoch': 0, 'iter_in_epoch': 17, 'update': np.float64(-0.17939340324602626), 'new_core_eval': np.True_}
2025-08-10 19:22:48,227 INFO optimization_monitor: optimizer internal status: () {'idx_set': array([33, 27, 49,  8, 59, 31, 28, 19, 12,  9, 40, 38, 55,  1, 35, 44, 47,
       60, 15, 14,  5, 32, 30,  0, 45, 54,  4, 13, 24, 46,  2, 18, 37, 57,
       29, 52, 23, 20, 48, 10, 21, 42, 26, 43, 36, 22,  3, 51, 17,  6, 56,
       25, 41, 16, 39, 58,  7, 50, 34, 53, 11]), 'epoch': 0, 'iter_in_epoch': 18, 'update': np.float64(-1.1722734842103562), 'new_core_eval': np.True_}
2025-08-10 19:22:51,354 INFO optimization_monitor: optimizer internal status: () {'idx_set': array([33, 27, 49,  8, 59, 31, 28, 19, 12,  9, 40, 38, 55,  1, 35, 44, 47,
       60, 15, 14,  5, 32, 30,  0, 45, 54,  4, 13, 24, 46,  2, 18, 37, 57,
       29, 52, 23, 20, 48, 10, 21, 42, 26, 43, 36, 22,  3, 51, 17,  6, 56,
       25, 41, 16, 39, 58,  7, 50, 34, 53, 11]), 'epoch': 0, 'iter_in_epoch': 19, 'update': np.float64(-0.30907909351217333), 'new_core_eval': np.True_}
2025-08-10 19:22:54,513 INFO optimization_monitor: optimizer internal status: () {'idx_set': array([33, 27, 49,  8, 59, 31, 28, 19, 12,  9, 40, 38, 55,  1, 35, 44, 47,
       60, 15, 14,  5, 32, 30,  0, 45, 54,  4, 13, 24, 46,  2, 18, 37, 57,
       29, 52, 23, 20, 48, 10, 21, 42, 26, 43, 36, 22,  3, 51, 17,  6, 56,
       25, 41, 16, 39, 58,  7, 50, 34, 53, 11]), 'epoch': 0, 'iter_in_epoch': 20, 'update': np.float64(-0.7248885024025665), 'new_core_eval': np.True_}
2025-08-10 19:22:57,718 INFO optimization_monitor: optimizer internal status: () {'idx_set': array([33, 27, 49,  8, 59, 31, 28, 19, 12,  9, 40, 38, 55,  1, 35, 44, 47,
       60, 15, 14,  5, 32, 30,  0, 45, 54,  4, 13, 24, 46,  2, 18, 37, 57,
       29, 52, 23, 20, 48, 10, 21, 42, 26, 43, 36, 22,  3, 51, 17,  6, 56,
       25, 41, 16, 39, 58,  7, 50, 34, 53, 11]), 'epoch': 0, 'iter_in_epoch': 21, 'update': np.float64(-0.17874157106090605), 'new_core_eval': np.True_}
2025-08-10 19:23:00,881 INFO optimization_monitor: optimizer internal status: () {'idx_set': array([33, 27, 49,  8, 59, 31, 28, 19, 12,  9, 40, 38, 55,  1, 35, 44, 47,
       60, 15, 14,  5, 32, 30,  0, 45, 54,  4, 13, 24, 46,  2, 18, 37, 57,
       29, 52, 23, 20, 48, 10, 21, 42, 26, 43, 36, 22,  3, 51, 17,  6, 56,
       25, 41, 16, 39, 58,  7, 50, 34, 53, 11]), 'epoch': 0, 'iter_in_epoch': 22, 'update': np.float64(1.3534012572581628), 'new_core_eval': np.True_}
2025-08-10 19:23:04,044 INFO optimization_monitor: optimizer internal status: () {'idx_set': array([33, 27, 49,  8, 59, 31, 28, 19, 12,  9, 40, 38, 55,  1, 35, 44, 47,
       60, 15, 14,  5, 32, 30,  0, 45, 54,  4, 13, 24, 46,  2, 18, 37, 57,
       29, 52, 23, 20, 48, 10, 21, 42, 26, 43, 36, 22,  3, 51, 17,  6, 56,
       25, 41, 16, 39, 58,  7, 50, 34, 53, 11]), 'epoch': 0, 'iter_in_epoch': 23, 'update': np.float64(2.722585694437682), 'new_core_eval': np.True_}
2025-08-10 19:23:07,281 INFO optimization_monitor: optimizer internal status: () {'idx_set': array([33, 27, 49,  8, 59, 31, 28, 19, 12,  9, 40, 38, 55,  1, 35, 44, 47,
       60, 15, 14,  5, 32, 30,  0, 45, 54,  4, 13, 24, 46,  2, 18, 37, 57,
       29, 52, 23, 20, 48, 10, 21, 42, 26, 43, 36, 22,  3, 51, 17,  6, 56,
       25, 41, 16, 39, 58,  7, 50, 34, 53, 11]), 'epoch': 0, 'iter_in_epoch': 24, 'update': np.float64(-0.5215242170845082), 'new_core_eval': np.True_}
2025-08-10 19:23:10,434 INFO optimization_monitor: optimizer internal status: () {'idx_set': array([33, 27, 49,  8, 59, 31, 28, 19, 12,  9, 40, 38, 55,  1, 35, 44, 47,
       60, 15, 14,  5, 32, 30,  0, 45, 54,  4, 13, 24, 46,  2, 18, 37, 57,
       29, 52, 23, 20, 48, 10, 21, 42, 26, 43, 36, 22,  3, 51, 17,  6, 56,
       25, 41, 16, 39, 58,  7, 50, 34, 53, 11]), 'epoch': 0, 'iter_in_epoch': 25, 'update': np.float64(-0.4919304352819138), 'new_core_eval': np.True_}
2025-08-10 19:23:13,586 INFO optimization_monitor: optimizer internal status: () {'idx_set': array([33, 27, 49,  8, 59, 31, 28, 19, 12,  9, 40, 38, 55,  1, 35, 44, 47,
       60, 15, 14,  5, 32, 30,  0, 45, 54,  4, 13, 24, 46,  2, 18, 37, 57,
       29, 52, 23, 20, 48, 10, 21, 42, 26, 43, 36, 22,  3, 51, 17,  6, 56,
       25, 41, 16, 39, 58,  7, 50, 34, 53, 11]), 'epoch': 0, 'iter_in_epoch': 26, 'update': np.float64(0.6537678195525276), 'new_core_eval': np.True_}
2025-08-10 19:23:16,760 INFO optimization_monitor: optimizer internal status: () {'idx_set': array([33, 27, 49,  8, 59, 31, 28, 19, 12,  9, 40, 38, 55,  1, 35, 44, 47,
       60, 15, 14,  5, 32, 30,  0, 45, 54,  4, 13, 24, 46,  2, 18, 37, 57,
       29, 52, 23, 20, 48, 10, 21, 42, 26, 43, 36, 22,  3, 51, 17,  6, 56,
       25, 41, 16, 39, 58,  7, 50, 34, 53, 11]), 'epoch': 0, 'iter_in_epoch': 27, 'update': np.float64(-0.7390825621882929), 'new_core_eval': np.True_}
2025-08-10 19:23:19,879 INFO optimization_monitor: optimizer internal status: () {'idx_set': array([33, 27, 49,  8, 59, 31, 28, 19, 12,  9, 40, 38, 55,  1, 35, 44, 47,
       60, 15, 14,  5, 32, 30,  0, 45, 54,  4, 13, 24, 46,  2, 18, 37, 57,
       29, 52, 23, 20, 48, 10, 21, 42, 26, 43, 36, 22,  3, 51, 17,  6, 56,
       25, 41, 16, 39, 58,  7, 50, 34, 53, 11]), 'epoch': 0, 'iter_in_epoch': 28, 'update': np.float64(0.9395290025488454), 'new_core_eval': np.True_}
2025-08-10 19:23:23,120 INFO optimization_monitor: optimizer internal status: () {'idx_set': array([33, 27, 49,  8, 59, 31, 28, 19, 12,  9, 40, 38, 55,  1, 35, 44, 47,
       60, 15, 14,  5, 32, 30,  0, 45, 54,  4, 13, 24, 46,  2, 18, 37, 57,
       29, 52, 23, 20, 48, 10, 21, 42, 26, 43, 36, 22,  3, 51, 17,  6, 56,
       25, 41, 16, 39, 58,  7, 50, 34, 53, 11]), 'epoch': 0, 'iter_in_epoch': 29, 'update': np.float64(3.802605004629335), 'new_core_eval': np.True_}
2025-08-10 19:23:26,496 INFO optimization_monitor: optimizer internal status: () {'idx_set': array([33, 27, 49,  8, 59, 31, 28, 19, 12,  9, 40, 38, 55,  1, 35, 44, 47,
       60, 15, 14,  5, 32, 30,  0, 45, 54,  4, 13, 24, 46,  2, 18, 37, 57,
       29, 52, 23, 20, 48, 10, 21, 42, 26, 43, 36, 22,  3, 51, 17,  6, 56,
       25, 41, 16, 39, 58,  7, 50, 34, 53, 11]), 'epoch': 0, 'iter_in_epoch': 30, 'update': np.float64(-0.6863893251553197), 'new_core_eval': np.True_}
2025-08-10 19:23:30,602 INFO optimization_monitor: optimizer internal status: () {'idx_set': array([33, 27, 49,  8, 59, 31, 28, 19, 12,  9, 40, 38, 55,  1, 35, 44, 47,
       60, 15, 14,  5, 32, 30,  0, 45, 54,  4, 13, 24, 46,  2, 18, 37, 57,
       29, 52, 23, 20, 48, 10, 21, 42, 26, 43, 36, 22,  3, 51, 17,  6, 56,
       25, 41, 16, 39, 58,  7, 50, 34, 53, 11]), 'epoch': 0, 'iter_in_epoch': 31, 'update': np.float64(-1.000806342754084), 'new_core_eval': np.True_}
2025-08-10 19:23:33,994 INFO optimization_monitor: optimizer internal status: () {'idx_set': array([33, 27, 49,  8, 59, 31, 28, 19, 12,  9, 40, 38, 55,  1, 35, 44, 47,
       60, 15, 14,  5, 32, 30,  0, 45, 54,  4, 13, 24, 46,  2, 18, 37, 57,
       29, 52, 23, 20, 48, 10, 21, 42, 26, 43, 36, 22,  3, 51, 17,  6, 56,
       25, 41, 16, 39, 58,  7, 50, 34, 53, 11]), 'epoch': 0, 'iter_in_epoch': 32, 'update': np.float64(-0.4415723842800996), 'new_core_eval': np.True_}
2025-08-10 19:23:37,228 INFO optimization_monitor: optimizer internal status: () {'idx_set': array([33, 27, 49,  8, 59, 31, 28, 19, 12,  9, 40, 38, 55,  1, 35, 44, 47,
       60, 15, 14,  5, 32, 30,  0, 45, 54,  4, 13, 24, 46,  2, 18, 37, 57,
       29, 52, 23, 20, 48, 10, 21, 42, 26, 43, 36, 22,  3, 51, 17,  6, 56,
       25, 41, 16, 39, 58,  7, 50, 34, 53, 11]), 'epoch': 0, 'iter_in_epoch': 33, 'update': np.float64(0.814511426200283), 'new_core_eval': np.True_}
2025-08-10 19:23:40,429 INFO optimization_monitor: optimizer internal status: () {'idx_set': array([33, 27, 49,  8, 59, 31, 28, 19, 12,  9, 40, 38, 55,  1, 35, 44, 47,
       60, 15, 14,  5, 32, 30,  0, 45, 54,  4, 13, 24, 46,  2, 18, 37, 57,
       29, 52, 23, 20, 48, 10, 21, 42, 26, 43, 36, 22,  3, 51, 17,  6, 56,
       25, 41, 16, 39, 58,  7, 50, 34, 53, 11]), 'epoch': 0, 'iter_in_epoch': 34, 'update': np.float64(-0.027924169492551165), 'new_core_eval': np.True_}
2025-08-10 19:23:43,690 INFO optimization_monitor: optimizer internal status: () {'idx_set': array([33, 27, 49,  8, 59, 31, 28, 19, 12,  9, 40, 38, 55,  1, 35, 44, 47,
       60, 15, 14,  5, 32, 30,  0, 45, 54,  4, 13, 24, 46,  2, 18, 37, 57,
       29, 52, 23, 20, 48, 10, 21, 42, 26, 43, 36, 22,  3, 51, 17,  6, 56,
       25, 41, 16, 39, 58,  7, 50, 34, 53, 11]), 'epoch': 0, 'iter_in_epoch': 35, 'update': np.float64(-0.6583718085082849), 'new_core_eval': np.True_}
2025-08-10 19:23:46,858 INFO optimization_monitor: optimizer internal status: () {'idx_set': array([33, 27, 49,  8, 59, 31, 28, 19, 12,  9, 40, 38, 55,  1, 35, 44, 47,
       60, 15, 14,  5, 32, 30,  0, 45, 54,  4, 13, 24, 46,  2, 18, 37, 57,
       29, 52, 23, 20, 48, 10, 21, 42, 26, 43, 36, 22,  3, 51, 17,  6, 56,
       25, 41, 16, 39, 58,  7, 50, 34, 53, 11]), 'epoch': 0, 'iter_in_epoch': 36, 'update': np.float64(-0.6206331174250462), 'new_core_eval': np.True_}
